Performing C SOURCE FILE Test CMAKE_HAVE_LIBC_PTHREAD failed with the following output:
Change Dir: /home/pi/picreate/Create2/ws/build_isolated/cpp_common/CMakeFiles/CMakeTmp

Run Build Command(s):/usr/bin/make cmTC_695d6/fast && /usr/bin/make -f CMakeFiles/cmTC_695d6.dir/build.make CMakeFiles/cmTC_695d6.dir/build
make[1]: Entering directory '/home/pi/picreate/Create2/ws/build_isolated/cpp_common/CMakeFiles/CMakeTmp'
Building C object CMakeFiles/cmTC_695d6.dir/src.c.o
/usr/bin/cc   -DCMAKE_HAVE_LIBC_PTHREAD   -o CMakeFiles/cmTC_695d6.dir/src.c.o   -c /home/pi/picreate/Create2/ws/build_isolated/cpp_common/CMakeFiles/CMakeTmp/src.c
Linking C executable cmTC_695d6
/usr/bin/cmake -E cmake_link_script CMakeFiles/cmTC_695d6.dir/link.txt --verbose=1
/usr/bin/cc  -DCMAKE_HAVE_LIBC_PTHREAD    -rdynamic CMakeFiles/cmTC_695d6.dir/src.c.o  -o cmTC_695d6 
/usr/bin/ld: CMakeFiles/cmTC_695d6.dir/src.c.o: in function `main':
src.c:(.text+0x40): undefined reference to `pthread_create'
/usr/bin/ld: src.c:(.text+0x4c): undefined reference to `pthread_detach'
/usr/bin/ld: src.c:(.text+0x5c): undefined reference to `pthread_join'
collect2: error: ld returned 1 exit status
make[1]: *** [CMakeFiles/cmTC_695d6.dir/build.make:87: cmTC_695d6] Error 1
make[1]: Leaving directory '/home/pi/picreate/Create2/ws/build_isolated/cpp_common/CMakeFiles/CMakeTmp'
make: *** [Makefile:121: cmTC_695d6/fast] Error 2


Source file was:
#include <pthread.h>

void* test_func(void* data)
{
  return data;
}

int main(void)
{
  pthread_t thread;
  pthread_create(&thread, NULL, test_func, NULL);
  pthread_detach(thread);
  pthread_join(thread, NULL);
  pthread_atfork(NULL, NULL, NULL);
  pthread_exit(NULL);

  return 0;
}

Determining if the function pthread_create exists in the pthreads failed with the following output:
Change Dir: /home/pi/picreate/Create2/ws/build_isolated/cpp_common/CMakeFiles/CMakeTmp

Run Build Command(s):/usr/bin/make cmTC_ce33b/fast && /usr/bin/make -f CMakeFiles/cmTC_ce33b.dir/build.make CMakeFiles/cmTC_ce33b.dir/build
make[1]: Entering directory '/home/pi/picreate/Create2/ws/build_isolated/cpp_common/CMakeFiles/CMakeTmp'
Building C object CMakeFiles/cmTC_ce33b.dir/CheckFunctionExists.c.o
/usr/bin/cc   -DCHECK_FUNCTION_EXISTS=pthread_create   -o CMakeFiles/cmTC_ce33b.dir/CheckFunctionExists.c.o   -c /usr/share/cmake-3.16/Modules/CheckFunctionExists.c
Linking C executable cmTC_ce33b
/usr/bin/cmake -E cmake_link_script CMakeFiles/cmTC_ce33b.dir/link.txt --verbose=1
/usr/bin/cc  -DCHECK_FUNCTION_EXISTS=pthread_create    -rdynamic CMakeFiles/cmTC_ce33b.dir/CheckFunctionExists.c.o  -o cmTC_ce33b  -lpthreads 
/usr/bin/ld: cannot find -lpthreads
collect2: error: ld returned 1 exit status
make[1]: *** [CMakeFiles/cmTC_ce33b.dir/build.make:87: cmTC_ce33b] Error 1
make[1]: Leaving directory '/home/pi/picreate/Create2/ws/build_isolated/cpp_common/CMakeFiles/CMakeTmp'
make: *** [Makefile:121: cmTC_ce33b/fast] Error 2



Performing C++ SOURCE FILE Test HAVE_CXXABI_H failed with the following output:
Change Dir: /home/pi/picreate/Create2/ws/build_isolated/cpp_common/CMakeFiles/CMakeTmp

Run Build Command(s):/usr/bin/make cmTC_f9711/fast && /usr/bin/make -f CMakeFiles/cmTC_f9711.dir/build.make CMakeFiles/cmTC_f9711.dir/build
make[1]: Entering directory '/home/pi/picreate/Create2/ws/build_isolated/cpp_common/CMakeFiles/CMakeTmp'
Building CXX object CMakeFiles/cmTC_f9711.dir/src.cxx.o
/usr/bin/c++    -DHAVE_CXXABI_H   -o CMakeFiles/cmTC_f9711.dir/src.cxx.o -c /home/pi/picreate/Create2/ws/build_isolated/cpp_common/CMakeFiles/CMakeTmp/src.cxx
/home/pi/picreate/Create2/ws/build_isolated/cpp_common/CMakeFiles/CMakeTmp/src.cxx:2:8: error: expected constructor, destructor, or type conversion before '(' token
 intmain(intargc,char**argv){}
        ^
make[1]: *** [CMakeFiles/cmTC_f9711.dir/build.make:66: CMakeFiles/cmTC_f9711.dir/src.cxx.o] Error 1
make[1]: Leaving directory '/home/pi/picreate/Create2/ws/build_isolated/cpp_common/CMakeFiles/CMakeTmp'
make: *** [Makefile:121: cmTC_f9711/fast] Error 2


Source file was:
#include<cxxabi.h>
intmain(intargc,char**argv){}
