Symlinking /home/ubuntu/Create2/ws/devel/include/create_msgs/ChargingState.h
Symlinking /home/ubuntu/Create2/ws/devel/include/create_msgs/Mode.h
Symlinking /home/ubuntu/Create2/ws/devel/include/create_msgs/PlaySong.h
Symlinking /home/ubuntu/Create2/ws/devel/include/create_msgs/Bumper.h
Symlinking /home/ubuntu/Create2/ws/devel/include/create_msgs/DefineSong.h
Symlinking /home/ubuntu/Create2/ws/devel/share/gennodejs/ros/create_msgs/_index.js
Symlinking /home/ubuntu/Create2/ws/devel/share/gennodejs/ros/create_msgs/msg/Mode.js
Symlinking /home/ubuntu/Create2/ws/devel/share/gennodejs/ros/create_msgs/msg/Bumper.js
Symlinking /home/ubuntu/Create2/ws/devel/share/gennodejs/ros/create_msgs/msg/DefineSong.js
Symlinking /home/ubuntu/Create2/ws/devel/share/gennodejs/ros/create_msgs/msg/ChargingState.js
Symlinking /home/ubuntu/Create2/ws/devel/share/gennodejs/ros/create_msgs/msg/_index.js
Symlinking /home/ubuntu/Create2/ws/devel/share/gennodejs/ros/create_msgs/msg/PlaySong.js
Symlinking /home/ubuntu/Create2/ws/devel/share/common-lisp/ros/create_msgs/msg/_package_ChargingState.lisp
Symlinking /home/ubuntu/Create2/ws/devel/share/common-lisp/ros/create_msgs/msg/_package_Mode.lisp
Symlinking /home/ubuntu/Create2/ws/devel/share/common-lisp/ros/create_msgs/msg/_package_PlaySong.lisp
Symlinking /home/ubuntu/Create2/ws/devel/share/common-lisp/ros/create_msgs/msg/_package_Bumper.lisp
Symlinking /home/ubuntu/Create2/ws/devel/share/common-lisp/ros/create_msgs/msg/_package.lisp
Symlinking /home/ubuntu/Create2/ws/devel/share/common-lisp/ros/create_msgs/msg/ChargingState.lisp
Symlinking /home/ubuntu/Create2/ws/devel/share/common-lisp/ros/create_msgs/msg/Bumper.lisp
Symlinking /home/ubuntu/Create2/ws/devel/share/common-lisp/ros/create_msgs/msg/PlaySong.lisp
Symlinking /home/ubuntu/Create2/ws/devel/share/common-lisp/ros/create_msgs/msg/create_msgs-msg.asd
Symlinking /home/ubuntu/Create2/ws/devel/share/common-lisp/ros/create_msgs/msg/_package_DefineSong.lisp
Symlinking /home/ubuntu/Create2/ws/devel/share/common-lisp/ros/create_msgs/msg/DefineSong.lisp
Symlinking /home/ubuntu/Create2/ws/devel/share/common-lisp/ros/create_msgs/msg/Mode.lisp
Symlinking /home/ubuntu/Create2/ws/devel/share/create_msgs/cmake/create_msgsConfig.cmake
Symlinking /home/ubuntu/Create2/ws/devel/share/create_msgs/cmake/create_msgs-msg-paths.cmake
Symlinking /home/ubuntu/Create2/ws/devel/share/create_msgs/cmake/create_msgs-msg-extras.cmake
Symlinking /home/ubuntu/Create2/ws/devel/share/create_msgs/cmake/create_msgsConfig-version.cmake
Symlinking /home/ubuntu/Create2/ws/devel/share/roseus/ros/create_msgs/manifest.l
Symlinking /home/ubuntu/Create2/ws/devel/share/roseus/ros/create_msgs/msg/DefineSong.l
Symlinking /home/ubuntu/Create2/ws/devel/share/roseus/ros/create_msgs/msg/Bumper.l
Symlinking /home/ubuntu/Create2/ws/devel/share/roseus/ros/create_msgs/msg/Mode.l
Symlinking /home/ubuntu/Create2/ws/devel/share/roseus/ros/create_msgs/msg/ChargingState.l
Symlinking /home/ubuntu/Create2/ws/devel/share/roseus/ros/create_msgs/msg/PlaySong.l
Symlinking /home/ubuntu/Create2/ws/devel/lib/pkgconfig/create_msgs.pc
Symlinking /home/ubuntu/Create2/ws/devel/lib/python2.7/dist-packages/create_msgs/__init__.py
Symlinking /home/ubuntu/Create2/ws/devel/lib/python2.7/dist-packages/create_msgs/msg/_Bumper.py
Symlinking /home/ubuntu/Create2/ws/devel/lib/python2.7/dist-packages/create_msgs/msg/_PlaySong.py
Symlinking /home/ubuntu/Create2/ws/devel/lib/python2.7/dist-packages/create_msgs/msg/_ChargingState.py
Symlinking /home/ubuntu/Create2/ws/devel/lib/python2.7/dist-packages/create_msgs/msg/__init__.py
Symlinking /home/ubuntu/Create2/ws/devel/lib/python2.7/dist-packages/create_msgs/msg/_DefineSong.py
Symlinking /home/ubuntu/Create2/ws/devel/lib/python2.7/dist-packages/create_msgs/msg/_Mode.py
