[35m[1mScanning dependencies of target _create_msgs_generate_messages_check_deps_Mode[0m
[35m[1mScanning dependencies of target _create_msgs_generate_messages_check_deps_ChargingState[0m
[35m[1mScanning dependencies of target std_msgs_generate_messages_eus[0m
[35m[1mScanning dependencies of target _create_msgs_generate_messages_check_deps_PlaySong[0m
[  0%] Built target std_msgs_generate_messages_eus
[35m[1mScanning dependencies of target _create_msgs_generate_messages_check_deps_DefineSong[0m
[  0%] Built target _create_msgs_generate_messages_check_deps_ChargingState
[  0%] Built target _create_msgs_generate_messages_check_deps_PlaySong
[  0%] Built target _create_msgs_generate_messages_check_deps_Mode
[35m[1mScanning dependencies of target _create_msgs_generate_messages_check_deps_Bumper[0m
[35m[1mScanning dependencies of target std_msgs_generate_messages_py[0m
[35m[1mScanning dependencies of target std_msgs_generate_messages_nodejs[0m
[  0%] Built target std_msgs_generate_messages_py
[  0%] Built target _create_msgs_generate_messages_check_deps_DefineSong
[  0%] Built target std_msgs_generate_messages_nodejs
[35m[1mScanning dependencies of target std_msgs_generate_messages_lisp[0m
[35m[1mScanning dependencies of target std_msgs_generate_messages_cpp[0m
[  0%] Built target std_msgs_generate_messages_cpp
[  0%] Built target std_msgs_generate_messages_lisp
[  0%] Built target _create_msgs_generate_messages_check_deps_Bumper
[35m[1mScanning dependencies of target create_msgs_generate_messages_eus[0m
[35m[1mScanning dependencies of target create_msgs_generate_messages_py[0m
[35m[1mScanning dependencies of target create_msgs_generate_messages_lisp[0m
[35m[1mScanning dependencies of target create_msgs_generate_messages_nodejs[0m
[  3%] [34m[1mGenerating EusLisp code from create_msgs/PlaySong.msg[0m
[  7%] [34m[1mGenerating Python from MSG create_msgs/PlaySong[0m
[ 11%] [34m[1mGenerating Lisp code from create_msgs/PlaySong.msg[0m
[ 14%] [34m[1mGenerating Javascript code from create_msgs/PlaySong.msg[0m
[ 18%] [34m[1mGenerating Lisp code from create_msgs/ChargingState.msg[0m
[ 22%] [34m[1mGenerating Javascript code from create_msgs/ChargingState.msg[0m
[ 25%] [34m[1mGenerating EusLisp code from create_msgs/ChargingState.msg[0m
[ 29%] [34m[1mGenerating Lisp code from create_msgs/DefineSong.msg[0m
[ 33%] [34m[1mGenerating Javascript code from create_msgs/DefineSong.msg[0m
[ 37%] [34m[1mGenerating EusLisp code from create_msgs/DefineSong.msg[0m
[ 40%] [34m[1mGenerating Javascript code from create_msgs/Mode.msg[0m
[ 44%] [34m[1mGenerating Lisp code from create_msgs/Mode.msg[0m
[ 48%] [34m[1mGenerating Javascript code from create_msgs/Bumper.msg[0m
[ 51%] [34m[1mGenerating EusLisp code from create_msgs/Mode.msg[0m
[ 55%] [34m[1mGenerating Lisp code from create_msgs/Bumper.msg[0m
[ 59%] [34m[1mGenerating EusLisp code from create_msgs/Bumper.msg[0m
[ 62%] [34m[1mGenerating EusLisp manifest code for create_msgs[0m
[ 62%] Built target create_msgs_generate_messages_lisp
[ 66%] [34m[1mGenerating Python from MSG create_msgs/ChargingState[0m
[ 66%] Built target create_msgs_generate_messages_nodejs
[ 70%] [34m[1mGenerating Python from MSG create_msgs/DefineSong[0m
[ 77%] [34m[1mGenerating Python from MSG create_msgs/Bumper[0m
[ 77%] [34m[1mGenerating Python from MSG create_msgs/Mode[0m
[35m[1mScanning dependencies of target create_msgs_generate_messages_cpp[0m
[ 81%] [34m[1mGenerating C++ code from create_msgs/PlaySong.msg[0m
[ 85%] [34m[1mGenerating C++ code from create_msgs/ChargingState.msg[0m
[ 88%] [34m[1mGenerating Python msg __init__.py for create_msgs[0m
[ 88%] Built target create_msgs_generate_messages_py
[ 88%] Built target create_msgs_generate_messages_eus
[ 92%] [34m[1mGenerating C++ code from create_msgs/DefineSong.msg[0m
[ 96%] [34m[1mGenerating C++ code from create_msgs/Mode.msg[0m
[100%] [34m[1mGenerating C++ code from create_msgs/Bumper.msg[0m
[100%] Built target create_msgs_generate_messages_cpp
[35m[1mScanning dependencies of target create_msgs_generate_messages[0m
[100%] Built target create_msgs_generate_messages
